{"C:\\Users\\Ayodeji Abidemi\\Documents\\MICROVERSE\\Testing-Practice\\calculator.js": {"path":"C:\\Users\\Ayodeji Abidemi\\Documents\\MICROVERSE\\Testing-Practice\\calculator.js","statementMap":{"0":{"start":{"line":3,"column":4},"end":{"line":3,"column":17}},"1":{"start":{"line":7,"column":4},"end":{"line":7,"column":17}},"2":{"start":{"line":11,"column":4},"end":{"line":11,"column":17}},"3":{"start":{"line":15,"column":4},"end":{"line":15,"column":17}},"4":{"start":{"line":19,"column":0},"end":{"line":19,"column":28}}},"fnMap":{"0":{"name":"(anonymous_0)","decl":{"start":{"line":2,"column":2},"end":{"line":2,"column":3}},"loc":{"start":{"line":2,"column":19},"end":{"line":4,"column":3}},"line":2},"1":{"name":"(anonymous_1)","decl":{"start":{"line":6,"column":2},"end":{"line":6,"column":3}},"loc":{"start":{"line":6,"column":24},"end":{"line":8,"column":3}},"line":6},"2":{"name":"(anonymous_2)","decl":{"start":{"line":10,"column":2},"end":{"line":10,"column":3}},"loc":{"start":{"line":10,"column":24},"end":{"line":12,"column":3}},"line":10},"3":{"name":"(anonymous_3)","decl":{"start":{"line":14,"column":2},"end":{"line":14,"column":3}},"loc":{"start":{"line":14,"column":22},"end":{"line":16,"column":3}},"line":14}},"branchMap":{},"s":{"0":3,"1":3,"2":3,"3":3,"4":1},"f":{"0":3,"1":3,"2":3,"3":3},"b":{},"_coverageSchema":"1a1c01bbd47fc00a2c39e90264f33305004495a9","hash":"c409ecac7ecc62bb64d85624dc5b0a997baa4b13"}
,"C:\\Users\\Ayodeji Abidemi\\Documents\\MICROVERSE\\Testing-Practice\\capitalize.js": {"path":"C:\\Users\\Ayodeji Abidemi\\Documents\\MICROVERSE\\Testing-Practice\\capitalize.js","statementMap":{"0":{"start":{"line":2,"column":18},"end":{"line":2,"column":59}},"1":{"start":{"line":3,"column":2},"end":{"line":3,"column":17}},"2":{"start":{"line":5,"column":0},"end":{"line":5,"column":28}}},"fnMap":{"0":{"name":"capitalize","decl":{"start":{"line":1,"column":9},"end":{"line":1,"column":19}},"loc":{"start":{"line":1,"column":28},"end":{"line":4,"column":1}},"line":1}},"branchMap":{},"s":{"0":2,"1":2,"2":1},"f":{"0":2},"b":{},"_coverageSchema":"1a1c01bbd47fc00a2c39e90264f33305004495a9","hash":"78ca513d4a559c4718011adba7826768268cc60c"}
,"C:\\Users\\Ayodeji Abidemi\\Documents\\MICROVERSE\\Testing-Practice\\reverseString.js": {"path":"C:\\Users\\Ayodeji Abidemi\\Documents\\MICROVERSE\\Testing-Practice\\reverseString.js","statementMap":{"0":{"start":{"line":1,"column":22},"end":{"line":5,"column":11}},"1":{"start":{"line":1,"column":31},"end":{"line":5,"column":11}},"2":{"start":{"line":7,"column":0},"end":{"line":7,"column":31}}},"fnMap":{"0":{"name":"(anonymous_0)","decl":{"start":{"line":1,"column":22},"end":{"line":1,"column":23}},"loc":{"start":{"line":1,"column":31},"end":{"line":5,"column":11}},"line":1}},"branchMap":{},"s":{"0":1,"1":1,"2":1},"f":{"0":1},"b":{},"_coverageSchema":"1a1c01bbd47fc00a2c39e90264f33305004495a9","hash":"929338261647f11af06254794901f01024c40c44"}
,"C:\\Users\\Ayodeji Abidemi\\Documents\\MICROVERSE\\Testing-Practice\\stringLength.js": {"path":"C:\\Users\\Ayodeji Abidemi\\Documents\\MICROVERSE\\Testing-Practice\\stringLength.js","statementMap":{"0":{"start":{"line":2,"column":2},"end":{"line":4,"column":3}},"1":{"start":{"line":3,"column":4},"end":{"line":3,"column":17}},"2":{"start":{"line":6,"column":2},"end":{"line":6,"column":60}},"3":{"start":{"line":6,"column":45},"end":{"line":6,"column":55}},"4":{"start":{"line":9,"column":0},"end":{"line":9,"column":30}}},"fnMap":{"0":{"name":"stringLength","decl":{"start":{"line":1,"column":9},"end":{"line":1,"column":21}},"loc":{"start":{"line":1,"column":30},"end":{"line":7,"column":1}},"line":1},"1":{"name":"(anonymous_1)","decl":{"start":{"line":6,"column":33},"end":{"line":6,"column":34}},"loc":{"start":{"line":6,"column":45},"end":{"line":6,"column":55}},"line":6}},"branchMap":{"0":{"loc":{"start":{"line":2,"column":2},"end":{"line":4,"column":3}},"type":"if","locations":[{"start":{"line":2,"column":2},"end":{"line":4,"column":3}},{"start":{},"end":{}}],"line":2},"1":{"loc":{"start":{"line":2,"column":6},"end":{"line":2,"column":59}},"type":"binary-expr","locations":[{"start":{"line":2,"column":6},"end":{"line":2,"column":31}},{"start":{"line":2,"column":35},"end":{"line":2,"column":59}}],"line":2}},"s":{"0":2,"1":0,"2":2,"3":19,"4":1},"f":{"0":2,"1":19},"b":{"0":[0,2],"1":[2,2]},"_coverageSchema":"1a1c01bbd47fc00a2c39e90264f33305004495a9","hash":"32af2b7e12fa4d5e9b9149cfbda1e7607914fec9"}
}
